[32m2023-10-20 16:45:28 +0100[0m - dagster - [34mDEBUG[0m - __ASSET_JOB - ab8eb06e-fcc3-42e1-b497-698cb3f093a2 - 55189 - LOGS_CAPTURED - Started capturing logs in process (pid: 55189).
[32m2023-10-20 16:45:28 +0100[0m - dagster - [34mDEBUG[0m - __ASSET_JOB - ab8eb06e-fcc3-42e1-b497-698cb3f093a2 - 55189 - topstories - STEP_START - Started execution of step "topstories".
[32m2023-10-20 16:45:33 +0100[0m - dagster - [34mINFO[0m - __ASSET_JOB - ab8eb06e-fcc3-42e1-b497-698cb3f093a2 - topstories - Got 20 items so far.
[32m2023-10-20 16:45:39 +0100[0m - dagster - [34mINFO[0m - __ASSET_JOB - ab8eb06e-fcc3-42e1-b497-698cb3f093a2 - topstories - Got 40 items so far.
[32m2023-10-20 16:45:44 +0100[0m - dagster - [34mINFO[0m - __ASSET_JOB - ab8eb06e-fcc3-42e1-b497-698cb3f093a2 - topstories - Got 60 items so far.
[32m2023-10-20 16:45:49 +0100[0m - dagster - [34mINFO[0m - __ASSET_JOB - ab8eb06e-fcc3-42e1-b497-698cb3f093a2 - topstories - Got 80 items so far.
[32m2023-10-20 16:45:55 +0100[0m - dagster - [34mINFO[0m - __ASSET_JOB - ab8eb06e-fcc3-42e1-b497-698cb3f093a2 - topstories - Got 100 items so far.
[32m2023-10-20 16:45:55 +0100[0m - dagster - [34mERROR[0m - [31m__ASSET_JOB - ab8eb06e-fcc3-42e1-b497-698cb3f093a2 - 55189 - topstories - STEP_FAILURE - Execution of step "topstories" failed.

dagster._core.errors.DagsterExecutionStepExecutionError: Error occurred while executing op "topstories"::

TypeError: OpExecutionContext.add_output_metadata() missing 1 required positional argument: 'self'

Stack Trace:
  File "/Users/nikolas.hunt@contino.io/.pyenv/versions/3.10.0/envs/hello-dagster/lib/python3.10/site-packages/dagster/_core/execution/plan/utils.py", line 54, in op_execution_error_boundary
    yield
  File "/Users/nikolas.hunt@contino.io/.pyenv/versions/3.10.0/envs/hello-dagster/lib/python3.10/site-packages/dagster/_utils/__init__.py", line 443, in iterate_with_context
    next_output = next(iterator)
  File "/Users/nikolas.hunt@contino.io/.pyenv/versions/3.10.0/envs/hello-dagster/lib/python3.10/site-packages/dagster/_core/execution/plan/compute_generator.py", line 132, in _coerce_op_compute_fn_to_iterator
    result = invoke_compute_fn(
  File "/Users/nikolas.hunt@contino.io/.pyenv/versions/3.10.0/envs/hello-dagster/lib/python3.10/site-packages/dagster/_core/execution/plan/compute_generator.py", line 126, in invoke_compute_fn
    return fn(context, **args_to_pass) if context_arg_provided else fn(**args_to_pass)
  File "/Users/nikolas.hunt@contino.io/Source/dagster-tutorial/tutorial/tutorial/assets.py", line 40, in topstories
    context.add_output_metadata(
[0m
